Using pre-set license
Built from '2021.3/staging' branch; Version is '2021.3.33f1 (ee5a2aa03ab2) revision 15620650'; Using compiler version '192829333'; Build Type 'Release'
OS: 'Windows 10  (10.0.19045) 64bit Core' Language: 'en' Physical Memory: 32509 MB
BatchMode: 1, IsHumanControllingUs: 0, StartBugReporterOnCrash: 0, Is64bit: 1, IsPro: 1

COMMAND LINE ARGUMENTS:
G:\Unity\2021.3.33f1\Editor\Unity.exe
-adb2
-batchMode
-noUpm
-name
AssetImportWorker1
-projectPath
C:/Users/chris/Documents/GitHub/PEMDAS/Isoterra
-logFile
Logs/AssetImportWorker1.log
-srvPort
54118
Successfully changed project path to: C:/Users/chris/Documents/GitHub/PEMDAS/Isoterra
C:/Users/chris/Documents/GitHub/PEMDAS/Isoterra
[UnityMemory] Configuration Parameters - Can be set up in boot.config
    "memorysetup-bucket-allocator-granularity=16"
    "memorysetup-bucket-allocator-bucket-count=8"
    "memorysetup-bucket-allocator-block-size=33554432"
    "memorysetup-bucket-allocator-block-count=8"
    "memorysetup-main-allocator-block-size=16777216"
    "memorysetup-thread-allocator-block-size=16777216"
    "memorysetup-gfx-main-allocator-block-size=16777216"
    "memorysetup-gfx-thread-allocator-block-size=16777216"
    "memorysetup-cache-allocator-block-size=4194304"
    "memorysetup-typetree-allocator-block-size=2097152"
    "memorysetup-profiler-bucket-allocator-granularity=16"
    "memorysetup-profiler-bucket-allocator-bucket-count=8"
    "memorysetup-profiler-bucket-allocator-block-size=33554432"
    "memorysetup-profiler-bucket-allocator-block-count=8"
    "memorysetup-profiler-allocator-block-size=16777216"
    "memorysetup-profiler-editor-allocator-block-size=1048576"
    "memorysetup-temp-allocator-size-main=16777216"
    "memorysetup-job-temp-allocator-block-size=2097152"
    "memorysetup-job-temp-allocator-block-size-background=1048576"
    "memorysetup-job-temp-allocator-reduction-small-platforms=262144"
    "memorysetup-temp-allocator-size-background-worker=32768"
    "memorysetup-temp-allocator-size-job-worker=262144"
    "memorysetup-temp-allocator-size-preload-manager=33554432"
    "memorysetup-temp-allocator-size-nav-mesh-worker=65536"
    "memorysetup-temp-allocator-size-audio-worker=65536"
    "memorysetup-temp-allocator-size-cloud-worker=32768"
    "memorysetup-temp-allocator-size-gi-baking-worker=262144"
    "memorysetup-temp-allocator-size-gfx=262144"
Player connection [21964] Host "[IP] 192.168.1.4 [Port] 0 [Flags] 2 [Guid] 3628539205 [EditorId] 3628539205 [Version] 1048832 [Id] WindowsEditor(7,DESKTOP-7NDQFPP) [Debug] 1 [PackageName] WindowsEditor [ProjectName] Editor" joined multi-casting on [225.0.0.222:54997]...

Player connection [21964] Host "[IP] 192.168.1.4 [Port] 0 [Flags] 2 [Guid] 3628539205 [EditorId] 3628539205 [Version] 1048832 [Id] WindowsEditor(7,DESKTOP-7NDQFPP) [Debug] 1 [PackageName] WindowsEditor [ProjectName] Editor" joined alternative multi-casting on [225.0.0.222:34997]...

[Physics::Module] Initialized MultithreadedJobDispatcher with {0} workers.
Refreshing native plugins compatible for Editor in 88.49 ms, found 3 plugins.
Preloading 0 native plugins for Editor in 0.00 ms.
Initialize engine version: 2021.3.33f1 (ee5a2aa03ab2)
[Subsystems] Discovering subsystems at path G:/Unity/2021.3.33f1/Editor/Data/Resources/UnitySubsystems
[Subsystems] Discovering subsystems at path C:/Users/chris/Documents/GitHub/PEMDAS/Isoterra/Assets
GfxDevice: creating device client; threaded=0; jobified=0
Direct3D:
    Version:  Direct3D 11.0 [level 11.1]
    Renderer: NVIDIA GeForce RTX 3070 (ID=0x2484)
    Vendor:   NVIDIA
    VRAM:     8018 MB
    Driver:   31.0.15.5186
Initialize mono
Mono path[0] = 'G:/Unity/2021.3.33f1/Editor/Data/Managed'
Mono path[1] = 'G:/Unity/2021.3.33f1/Editor/Data/MonoBleedingEdge/lib/mono/unityjit-win32'
Mono config path = 'G:/Unity/2021.3.33f1/Editor/Data/MonoBleedingEdge/etc'
Using monoOptions --debugger-agent=transport=dt_socket,embedding=1,server=y,suspend=n,address=127.0.0.1:56148
Begin MonoManager ReloadAssembly
Registering precompiled unity dll's ...
Register platform support module: G:/Unity/2021.3.33f1/Editor/Data/PlaybackEngines/WindowsStandaloneSupport/UnityEditor.WindowsStandalone.Extensions.dll
Registered in 0.002559 seconds.
Native extension for WindowsStandalone target not found
Refreshing native plugins compatible for Editor in 89.41 ms, found 3 plugins.
Preloading 0 native plugins for Editor in 0.00 ms.
Mono: successfully reloaded assembly
- Completed reload, in  0.626 seconds
Domain Reload Profiling:
	ReloadAssembly (626ms)
		BeginReloadAssembly (96ms)
			ExecutionOrderSort (0ms)
			DisableScriptedObjects (0ms)
			BackupInstance (0ms)
			ReleaseScriptingObjects (0ms)
			CreateAndSetChildDomain (1ms)
		EndReloadAssembly (448ms)
			LoadAssemblies (96ms)
			RebuildTransferFunctionScriptingTraits (0ms)
			SetupTypeCache (93ms)
			ReleaseScriptCaches (0ms)
			RebuildScriptCaches (26ms)
			SetupLoadedEditorAssemblies (293ms)
				LogAssemblyErrors (0ms)
				InitializePlatformSupportModulesInManaged (7ms)
				SetLoadedEditorAssemblies (0ms)
				RefreshPlugins (89ms)
				BeforeProcessingInitializeOnLoad (1ms)
				ProcessInitializeOnLoadAttributes (150ms)
				ProcessInitializeOnLoadMethodAttributes (45ms)
				AfterProcessingInitializeOnLoad (0ms)
				EditorAssembliesLoaded (0ms)
			ExecutionOrderSort2 (0ms)
			AwakeInstancesAfterBackupRestoration (0ms)
Platform modules already initialized, skipping
Registering precompiled user dll's ...
Registered in 0.004909 seconds.
Begin MonoManager ReloadAssembly
Native extension for WindowsStandalone target not found
Refreshing native plugins compatible for Editor in 85.38 ms, found 3 plugins.
Preloading 0 native plugins for Editor in 0.00 ms.
Package Manager log level set to [2]
[Package Manager] Server::EnsureServerProcessIsRunning -- launch failed, reason: Unity was launched with the -noUpm command-line argument
[Package Manager] Cannot connect to Unity Package Manager local server
Mono: successfully reloaded assembly
- Completed reload, in  1.660 seconds
Domain Reload Profiling:
	ReloadAssembly (1661ms)
		BeginReloadAssembly (115ms)
			ExecutionOrderSort (0ms)
			DisableScriptedObjects (6ms)
			BackupInstance (0ms)
			ReleaseScriptingObjects (0ms)
			CreateAndSetChildDomain (15ms)
		EndReloadAssembly (1453ms)
			LoadAssemblies (86ms)
			RebuildTransferFunctionScriptingTraits (0ms)
			SetupTypeCache (261ms)
			ReleaseScriptCaches (0ms)
			RebuildScriptCaches (55ms)
			SetupLoadedEditorAssemblies (1030ms)
				LogAssemblyErrors (0ms)
				InitializePlatformSupportModulesInManaged (3ms)
				SetLoadedEditorAssemblies (0ms)
				RefreshPlugins (85ms)
				BeforeProcessingInitializeOnLoad (87ms)
				ProcessInitializeOnLoadAttributes (835ms)
				ProcessInitializeOnLoadMethodAttributes (17ms)
				AfterProcessingInitializeOnLoad (3ms)
				EditorAssembliesLoaded (0ms)
			ExecutionOrderSort2 (0ms)
			AwakeInstancesAfterBackupRestoration (6ms)
Platform modules already initialized, skipping
========================================================================
Worker process is ready to serve import requests
Launched and connected shader compiler UnityShaderCompiler.exe after 0.04 seconds
Refreshing native plugins compatible for Editor in 0.39 ms, found 3 plugins.
Preloading 0 native plugins for Editor in 0.00 ms.
Unloading 3983 Unused Serialized files (Serialized files now loaded: 0)
Unloading 40 unused Assets / (179.3 KB). Loaded Objects now: 4445.
Memory consumption went from 146.6 MB to 146.5 MB.
Total: 2.198500 ms (FindLiveObjects: 0.153100 ms CreateObjectMapping: 0.074000 ms MarkObjects: 1.904500 ms  DeleteObjects: 0.066500 ms)

AssetImportParameters requested are different than current active one (requested -> active):
  custom:video-decoder-ogg-theora: a1e56fd34408186e4bbccfd4996cb3dc -> 
  custom:container-muxer-webm: aa71ff27fc2769a1b78a27578f13a17b -> 
  custom:container-demuxer-webm: 4f35f7cbe854078d1ac9338744f61a02 -> 
  custom:video-encoder-webm-vp8: eb34c28f22e8b96e1ab97ce403110664 -> 
  custom:CustomObjectIndexerAttribute: bc11b3a6c3213fcdd17b65e7da85e133 -> 
  custom:audio-encoder-webm-vorbis: bf7c407c2cedff20999df2af8eb42d56 -> 
  custom:framework-win-MediaFoundation: 216162199b28c13a410421893ffa2e32 -> 
  custom:SearchIndexIgnoredProperties: e643bd26f0fe6173181afceb89e7c659 -> 
  custom:container-demuxer-ogg: 62fdf1f143b41e24485cea50d1cbac27 -> 
  custom:video-decoder-webm-vp8: 9c59270c3fd7afecdb556c50c9e8de78 -> 
  custom:audio-decoder-ogg-vorbis: bf7c407c2cedff20999df2af8eb42d56 -> 
========================================================================
Received Import Request.
  Time since last request: 677702.419596 seconds.
  path: Assets/com/heparo/terrain/toolkit/editor/resources/bannerTerrainToolkit.png
  artifactKey: Guid(dd462f206a127b4479650292dc950e42) Importer(815301076,1909f56bfc062723c751e8b465ee728b)
Number of updated assets reloaded before import = 0
Start importing Assets/com/heparo/terrain/toolkit/editor/resources/bannerTerrainToolkit.png using Guid(dd462f206a127b4479650292dc950e42) Importer(815301076,1909f56bfc062723c751e8b465ee728b)  -> (artifact id: '497e34012eacf05c89161c53d09310b2') in 0.069609 seconds 
Number of asset objects unloaded after import = 2
========================================================================
Received Import Request.
  Time since last request: 0.000020 seconds.
  path: Assets/com/heparo/terrain/toolkit/editor/resources/Model_03_Visual.png
  artifactKey: Guid(fbfc9f02deac42d47b5997fc42dc205b) Importer(815301076,1909f56bfc062723c751e8b465ee728b)
Number of updated assets reloaded before import = 0
Start importing Assets/com/heparo/terrain/toolkit/editor/resources/Model_03_Visual.png using Guid(fbfc9f02deac42d47b5997fc42dc205b) Importer(815301076,1909f56bfc062723c751e8b465ee728b)  -> (artifact id: '462ce49807b309d606eac0b3697c5b26') in 0.013735 seconds 
Number of asset objects unloaded after import = 2
========================================================================
Received Import Request.
  Time since last request: 0.000018 seconds.
  path: Assets/com/heparo/terrain/toolkit/editor/resources/Model_00_Tx2.jpg
  artifactKey: Guid(39c02aab05e21004fa57273211dd8d73) Importer(815301076,1909f56bfc062723c751e8b465ee728b)
Number of updated assets reloaded before import = 0
Start importing Assets/com/heparo/terrain/toolkit/editor/resources/Model_00_Tx2.jpg using Guid(39c02aab05e21004fa57273211dd8d73) Importer(815301076,1909f56bfc062723c751e8b465ee728b)  -> (artifact id: 'c3e9ab1bc9a475cd0e9366eeea0a9f53') in 0.018004 seconds 
Number of asset objects unloaded after import = 2
========================================================================
Received Import Request.
  Time since last request: 0.000018 seconds.
  path: Assets/com/heparo/terrain/toolkit/editor/resources/slopeStop2.png
  artifactKey: Guid(6da9213b25ffb1c41ade0ca8c13256c3) Importer(815301076,1909f56bfc062723c751e8b465ee728b)
Number of updated assets reloaded before import = 0
Start importing Assets/com/heparo/terrain/toolkit/editor/resources/slopeStop2.png using Guid(6da9213b25ffb1c41ade0ca8c13256c3) Importer(815301076,1909f56bfc062723c751e8b465ee728b)  -> (artifact id: '865a4f28cdb0b17e30dd251a2a4eda2f') in 0.012867 seconds 
Number of asset objects unloaded after import = 2
========================================================================
Received Import Request.
  Time since last request: 0.000018 seconds.
  path: Assets/com/heparo/terrain/toolkit/editor/resources/iconGenToolkit.png
  artifactKey: Guid(2cfb482fbbcd08c4bbcbfa6361421800) Importer(815301076,1909f56bfc062723c751e8b465ee728b)
Number of updated assets reloaded before import = 0
Start importing Assets/com/heparo/terrain/toolkit/editor/resources/iconGenToolkit.png using Guid(2cfb482fbbcd08c4bbcbfa6361421800) Importer(815301076,1909f56bfc062723c751e8b465ee728b)  -> (artifact id: 'bd5c079f4f9edff496df5957e2ab5a27') in 0.012897 seconds 
Number of asset objects unloaded after import = 2
========================================================================
Received Import Request.
  Time since last request: 0.000023 seconds.
  path: Assets/com/heparo/terrain/toolkit/editor/resources/Model_03_Cliff.jpg
  artifactKey: Guid(efdd472a85b26c148b41ceea1b92e678) Importer(815301076,1909f56bfc062723c751e8b465ee728b)
Number of updated assets reloaded before import = 0
Start importing Assets/com/heparo/terrain/toolkit/editor/resources/Model_03_Cliff.jpg using Guid(efdd472a85b26c148b41ceea1b92e678) Importer(815301076,1909f56bfc062723c751e8b465ee728b)  -> (artifact id: '8a0faca04cc4861735b041564506ea75') in 0.014261 seconds 
Number of asset objects unloaded after import = 2
========================================================================
Received Import Request.
  Time since last request: 0.000013 seconds.
  path: Assets/com/heparo/terrain/toolkit/editor/resources/green.png
  artifactKey: Guid(20152cc238243e4419c8aecc717e1be1) Importer(815301076,1909f56bfc062723c751e8b465ee728b)
Number of updated assets reloaded before import = 0
Start importing Assets/com/heparo/terrain/toolkit/editor/resources/green.png using Guid(20152cc238243e4419c8aecc717e1be1) Importer(815301076,1909f56bfc062723c751e8b465ee728b)  -> (artifact id: 'a18f3f0431381bb0a2b268d50d59618c') in 0.012290 seconds 
Number of asset objects unloaded after import = 2
========================================================================
Received Import Request.
  Time since last request: 0.000015 seconds.
  path: Assets/com/heparo/terrain/toolkit/editor/resources/blackToWhite.png
  artifactKey: Guid(568b1492b02bce14b807479f0966fc8a) Importer(815301076,1909f56bfc062723c751e8b465ee728b)
Number of updated assets reloaded before import = 0
Start importing Assets/com/heparo/terrain/toolkit/editor/resources/blackToWhite.png using Guid(568b1492b02bce14b807479f0966fc8a) Importer(815301076,1909f56bfc062723c751e8b465ee728b)  -> (artifact id: '28f408c9f9d3ea658260d235a107d3ba') in 0.012688 seconds 
Number of asset objects unloaded after import = 2
========================================================================
Received Import Request.
  Time since last request: 0.000015 seconds.
  path: Assets/com/heparo/terrain/toolkit/editor/resources/blue.png
  artifactKey: Guid(276d2203bd541e14b93cb7ef729c4dc5) Importer(815301076,1909f56bfc062723c751e8b465ee728b)
Number of updated assets reloaded before import = 0
Start importing Assets/com/heparo/terrain/toolkit/editor/resources/blue.png using Guid(276d2203bd541e14b93cb7ef729c4dc5) Importer(815301076,1909f56bfc062723c751e8b465ee728b)  -> (artifact id: 'ef06f414f5cacf92dc00a1417329a1b8') in 0.012004 seconds 
Number of asset objects unloaded after import = 2
========================================================================
Received Import Request.
  Time since last request: 0.000016 seconds.
  path: Assets/com/heparo/terrain/toolkit/editor/resources/iconGenOptions.png
  artifactKey: Guid(f9d1004114c5cf246b1a01e6ccbd2a44) Importer(815301076,1909f56bfc062723c751e8b465ee728b)
Number of updated assets reloaded before import = 0
Start importing Assets/com/heparo/terrain/toolkit/editor/resources/iconGenOptions.png using Guid(f9d1004114c5cf246b1a01e6ccbd2a44) Importer(815301076,1909f56bfc062723c751e8b465ee728b)  -> (artifact id: 'c3f035c0dc3d597af150cdd212e4c9cb') in 0.012043 seconds 
Number of asset objects unloaded after import = 2
========================================================================
Received Import Request.
  Time since last request: 0.000015 seconds.
  path: Assets/com/heparo/terrain/toolkit/editor/resources/Model_05_Tx1.jpg
  artifactKey: Guid(c4eaa7b086d56ec4a91d081a8ebe78f7) Importer(815301076,1909f56bfc062723c751e8b465ee728b)
Number of updated assets reloaded before import = 0
Start importing Assets/com/heparo/terrain/toolkit/editor/resources/Model_05_Tx1.jpg using Guid(c4eaa7b086d56ec4a91d081a8ebe78f7) Importer(815301076,1909f56bfc062723c751e8b465ee728b)  -> (artifact id: 'a6399dc6a6a01660ea1d341651f96cc0') in 0.014266 seconds 
Number of asset objects unloaded after import = 2
========================================================================
Received Import Request.
  Time since last request: 0.000016 seconds.
  path: Assets/com/heparo/terrain/toolkit/editor/resources/iconMountains.png
  artifactKey: Guid(d19e788ede4c2ad47b2c74c4fcfe67b7) Importer(815301076,1909f56bfc062723c751e8b465ee728b)
Number of updated assets reloaded before import = 0
Start importing Assets/com/heparo/terrain/toolkit/editor/resources/iconMountains.png using Guid(d19e788ede4c2ad47b2c74c4fcfe67b7) Importer(815301076,1909f56bfc062723c751e8b465ee728b)  -> (artifact id: 'de91585fcc423dcffa04ffeac62d9c57') in 0.012300 seconds 
Number of asset objects unloaded after import = 2
========================================================================
Received Import Request.
  Time since last request: 0.000017 seconds.
  path: Assets/com/heparo/terrain/toolkit/editor/resources/modelBackground.png
  artifactKey: Guid(797a6a7a9d8e4624fa3db25d5c9588b2) Importer(815301076,1909f56bfc062723c751e8b465ee728b)
Number of updated assets reloaded before import = 0
Start importing Assets/com/heparo/terrain/toolkit/editor/resources/modelBackground.png using Guid(797a6a7a9d8e4624fa3db25d5c9588b2) Importer(815301076,1909f56bfc062723c751e8b465ee728b)  -> (artifact id: 'd104ac373540e6695dc9725f4400a890') in 0.012368 seconds 
Number of asset objects unloaded after import = 2
========================================================================
Received Import Request.
  Time since last request: 0.000016 seconds.
  path: Assets/com/heparo/terrain/toolkit/editor/resources/blackButtonDisabled.png
  artifactKey: Guid(dcd3f45167fe81e4d9f9c4816eaa0321) Importer(815301076,1909f56bfc062723c751e8b465ee728b)
Number of updated assets reloaded before import = 0
Start importing Assets/com/heparo/terrain/toolkit/editor/resources/blackButtonDisabled.png using Guid(dcd3f45167fe81e4d9f9c4816eaa0321) Importer(815301076,1909f56bfc062723c751e8b465ee728b)  -> (artifact id: '7e4524944963c81a77ee433fc80d1893') in 0.013160 seconds 
Number of asset objects unloaded after import = 2
========================================================================
Received Import Request.
  Time since last request: 0.000017 seconds.
  path: Assets/com/heparo/terrain/toolkit/editor/resources/Model_04_Tx1.jpg
  artifactKey: Guid(d983623856d7f4b44bdb80d653f7f240) Importer(815301076,1909f56bfc062723c751e8b465ee728b)
Number of updated assets reloaded before import = 0
Start importing Assets/com/heparo/terrain/toolkit/editor/resources/Model_04_Tx1.jpg using Guid(d983623856d7f4b44bdb80d653f7f240) Importer(815301076,1909f56bfc062723c751e8b465ee728b)  -> (artifact id: '43bf4e142739c90de9d4f25a9267ab5f') in 0.014017 seconds 
Number of asset objects unloaded after import = 2
========================================================================
Received Import Request.
  Time since last request: 0.000015 seconds.
  path: Assets/com/heparo/terrain/toolkit/editor/resources/iconPlateaus.png
  artifactKey: Guid(60e157d979f75574a85749ba6d80af20) Importer(815301076,1909f56bfc062723c751e8b465ee728b)
Number of updated assets reloaded before import = 0
Start importing Assets/com/heparo/terrain/toolkit/editor/resources/iconPlateaus.png using Guid(60e157d979f75574a85749ba6d80af20) Importer(815301076,1909f56bfc062723c751e8b465ee728b)  -> (artifact id: 'a754830d3a7bd491ea5dc22f58408e64') in 0.012599 seconds 
Number of asset objects unloaded after import = 2
========================================================================
Received Import Request.
  Time since last request: 0.000014 seconds.
  path: Assets/com/heparo/terrain/toolkit/editor/resources/blackButtonDown.png
  artifactKey: Guid(1b0dac0a49a72814db0c023c900aae84) Importer(815301076,1909f56bfc062723c751e8b465ee728b)
Number of updated assets reloaded before import = 0
Start importing Assets/com/heparo/terrain/toolkit/editor/resources/blackButtonDown.png using Guid(1b0dac0a49a72814db0c023c900aae84) Importer(815301076,1909f56bfc062723c751e8b465ee728b)  -> (artifact id: 'bd72756c9ebf612a1198f3747a3032d3') in 0.012076 seconds 
Number of asset objects unloaded after import = 2
========================================================================
Received Import Request.
  Time since last request: 0.000015 seconds.
  path: Assets/com/heparo/terrain/toolkit/editor/resources/iconGenTexture.png
  artifactKey: Guid(9ff6998f0fac2954b8d002fd1c3dacee) Importer(815301076,1909f56bfc062723c751e8b465ee728b)
Number of updated assets reloaded before import = 0
Start importing Assets/com/heparo/terrain/toolkit/editor/resources/iconGenTexture.png using Guid(9ff6998f0fac2954b8d002fd1c3dacee) Importer(815301076,1909f56bfc062723c751e8b465ee728b)  -> (artifact id: 'd51ab6dbe40e7390c6451a0d07e9c898') in 0.013364 seconds 
Number of asset objects unloaded after import = 2
========================================================================
Received Import Request.
  Time since last request: 0.000019 seconds.
  path: Assets/com/heparo/terrain/toolkit/editor/resources/Model_00_Visual.png
  artifactKey: Guid(f074983037d8b2d4fbeb64396a539e48) Importer(815301076,1909f56bfc062723c751e8b465ee728b)
Number of updated assets reloaded before import = 0
Start importing Assets/com/heparo/terrain/toolkit/editor/resources/Model_00_Visual.png using Guid(f074983037d8b2d4fbeb64396a539e48) Importer(815301076,1909f56bfc062723c751e8b465ee728b)  -> (artifact id: 'f7c39aecfd74f1f79ec8463e062ea323') in 0.013515 seconds 
Number of asset objects unloaded after import = 2
========================================================================
Received Import Request.
  Time since last request: 0.000016 seconds.
  path: Assets/com/heparo/terrain/toolkit/editor/resources/greyStop.png
  artifactKey: Guid(613df7f97468e7a4582547b8ee51acd3) Importer(815301076,1909f56bfc062723c751e8b465ee728b)
Number of updated assets reloaded before import = 0
Start importing Assets/com/heparo/terrain/toolkit/editor/resources/greyStop.png using Guid(613df7f97468e7a4582547b8ee51acd3) Importer(815301076,1909f56bfc062723c751e8b465ee728b)  -> (artifact id: 'dddf859952fcd75386ce1b7e82120e8c') in 0.012700 seconds 
Number of asset objects unloaded after import = 2
========================================================================
Received Import Request.
  Time since last request: 0.000017 seconds.
  path: Assets/com/heparo/terrain/toolkit/editor/resources/deleteButton.png
  artifactKey: Guid(f33ff7bf35f7add4a8230fe7b0ee97c8) Importer(815301076,1909f56bfc062723c751e8b465ee728b)
Number of updated assets reloaded before import = 0
Start importing Assets/com/heparo/terrain/toolkit/editor/resources/deleteButton.png using Guid(f33ff7bf35f7add4a8230fe7b0ee97c8) Importer(815301076,1909f56bfc062723c751e8b465ee728b)  -> (artifact id: 'd87f6f4efba2a406e5edee28e803017f') in 0.012038 seconds 
Number of asset objects unloaded after import = 2
========================================================================
Received Import Request.
  Time since last request: 0.000024 seconds.
  path: Assets/com/heparo/terrain/toolkit/editor/resources/iconHills.png
  artifactKey: Guid(afe502550c1473447bd0cd4e8f6fa595) Importer(815301076,1909f56bfc062723c751e8b465ee728b)
Number of updated assets reloaded before import = 0
Start importing Assets/com/heparo/terrain/toolkit/editor/resources/iconHills.png using Guid(afe502550c1473447bd0cd4e8f6fa595) Importer(815301076,1909f56bfc062723c751e8b465ee728b)  -> (artifact id: 'e68b5f5ed9e6e4f87e0f51f73e738d93') in 0.012495 seconds 
Number of asset objects unloaded after import = 2
========================================================================
Received Import Request.
  Time since last request: 0.000016 seconds.
  path: Assets/com/heparo/terrain/toolkit/editor/resources/whiteStopRollover.png
  artifactKey: Guid(40db04cf1eae4ba43aec1d1d7f547214) Importer(815301076,1909f56bfc062723c751e8b465ee728b)
Number of updated assets reloaded before import = 0
Start importing Assets/com/heparo/terrain/toolkit/editor/resources/whiteStopRollover.png using Guid(40db04cf1eae4ba43aec1d1d7f547214) Importer(815301076,1909f56bfc062723c751e8b465ee728b)  -> (artifact id: '3ca747539812bfe748fb0fd697653138') in 0.012244 seconds 
Number of asset objects unloaded after import = 2
========================================================================
Received Import Request.
  Time since last request: 0.000016 seconds.
  path: Assets/com/heparo/terrain/toolkit/editor/resources/iconMoore.png
  artifactKey: Guid(54d8b277e9cd64949b3696ccf36a5f95) Importer(815301076,1909f56bfc062723c751e8b465ee728b)
Number of updated assets reloaded before import = 0
Start importing Assets/com/heparo/terrain/toolkit/editor/resources/iconMoore.png using Guid(54d8b277e9cd64949b3696ccf36a5f95) Importer(815301076,1909f56bfc062723c751e8b465ee728b)  -> (artifact id: '101992d6a205b5587d8e2c73af29504d') in 0.013365 seconds 
Number of asset objects unloaded after import = 2
========================================================================
Received Import Request.
  Time since last request: 0.000016 seconds.
  path: Assets/com/heparo/terrain/toolkit/editor/resources/slopeStop1.png
  artifactKey: Guid(76fd504bf8b40eb4181f2156ff1b8450) Importer(815301076,1909f56bfc062723c751e8b465ee728b)
Number of updated assets reloaded before import = 0
Start importing Assets/com/heparo/terrain/toolkit/editor/resources/slopeStop1.png using Guid(76fd504bf8b40eb4181f2156ff1b8450) Importer(815301076,1909f56bfc062723c751e8b465ee728b)  -> (artifact id: '26e87de4ed6f66d7e3bc8cd6a6a4e324') in 0.012488 seconds 
Number of asset objects unloaded after import = 2
========================================================================
Received Import Request.
  Time since last request: 0.000015 seconds.
  path: Assets/com/heparo/terrain/toolkit/editor/resources/modelBackgroundDown.png
  artifactKey: Guid(069090165514e814285334729a6e5bcd) Importer(815301076,1909f56bfc062723c751e8b465ee728b)
Number of updated assets reloaded before import = 0
Start importing Assets/com/heparo/terrain/toolkit/editor/resources/modelBackgroundDown.png using Guid(069090165514e814285334729a6e5bcd) Importer(815301076,1909f56bfc062723c751e8b465ee728b)  -> (artifact id: '645fa85ce2ffa8c8170c88680edc4e6e') in 0.012198 seconds 
Number of asset objects unloaded after import = 2
========================================================================
Received Import Request.
  Time since last request: 0.000015 seconds.
  path: Assets/com/heparo/terrain/toolkit/editor/resources/Model_00_Tx1.jpg
  artifactKey: Guid(7d5853ddd349b8d418876417f4bf2573) Importer(815301076,1909f56bfc062723c751e8b465ee728b)
Number of updated assets reloaded before import = 0
Start importing Assets/com/heparo/terrain/toolkit/editor/resources/Model_00_Tx1.jpg using Guid(7d5853ddd349b8d418876417f4bf2573) Importer(815301076,1909f56bfc062723c751e8b465ee728b)  -> (artifact id: 'c12040a1d91ce2f2fe5f5d881627e850') in 0.013382 seconds 
Number of asset objects unloaded after import = 2
========================================================================
Received Import Request.
  Time since last request: 0.000015 seconds.
  path: Assets/com/heparo/terrain/toolkit/editor/resources/modelBackgroundHover.png
  artifactKey: Guid(2d5c15aa954c2b34f9ebe154c29b6c8d) Importer(815301076,1909f56bfc062723c751e8b465ee728b)
Number of updated assets reloaded before import = 0
Start importing Assets/com/heparo/terrain/toolkit/editor/resources/modelBackgroundHover.png using Guid(2d5c15aa954c2b34f9ebe154c29b6c8d) Importer(815301076,1909f56bfc062723c751e8b465ee728b)  -> (artifact id: 'c3a21e08c1976255514ff5dddd03aacc') in 0.012632 seconds 
Number of asset objects unloaded after import = 2
========================================================================
Received Import Request.
  Time since last request: 0.000016 seconds.
  path: Assets/com/heparo/terrain/toolkit/editor/resources/Model_02_Tx3.jpg
  artifactKey: Guid(dc4dd15be86f08d4f845a7662d2b0a32) Importer(815301076,1909f56bfc062723c751e8b465ee728b)
Number of updated assets reloaded before import = 0
Start importing Assets/com/heparo/terrain/toolkit/editor/resources/Model_02_Tx3.jpg using Guid(dc4dd15be86f08d4f845a7662d2b0a32) Importer(815301076,1909f56bfc062723c751e8b465ee728b)  -> (artifact id: 'dda2ecc273953551da00598192a378ab') in 0.014301 seconds 
Number of asset objects unloaded after import = 2
========================================================================
Received Import Request.
  Time since last request: 0.000015 seconds.
  path: Assets/com/heparo/terrain/toolkit/editor/resources/Model_04_Tx2.jpg
  artifactKey: Guid(d0d37caa55753394b8c49c45b3f4a577) Importer(815301076,1909f56bfc062723c751e8b465ee728b)
Number of updated assets reloaded before import = 0
Start importing Assets/com/heparo/terrain/toolkit/editor/resources/Model_04_Tx2.jpg using Guid(d0d37caa55753394b8c49c45b3f4a577) Importer(815301076,1909f56bfc062723c751e8b465ee728b)  -> (artifact id: '0e6422dcf70919f26f5616e85e70580a') in 0.014775 seconds 
Number of asset objects unloaded after import = 2
========================================================================
Received Import Request.
  Time since last request: 0.000016 seconds.
  path: Assets/com/heparo/terrain/toolkit/editor/resources/cyanToBlue.png
  artifactKey: Guid(19fd34362dbaa1d4f99977acf4fa88b3) Importer(815301076,1909f56bfc062723c751e8b465ee728b)
Number of updated assets reloaded before import = 0
Start importing Assets/com/heparo/terrain/toolkit/editor/resources/cyanToBlue.png using Guid(19fd34362dbaa1d4f99977acf4fa88b3) Importer(815301076,1909f56bfc062723c751e8b465ee728b)  -> (artifact id: '91019c749c99740aaebf48ce1b7bfa8a') in 0.012425 seconds 
Number of asset objects unloaded after import = 2
Editor requested this worker to shutdown with reason: Scaling down because of idle timeout
AssetImportWorker is now disconnected from the server
Process exiting
Exiting without the bug reporter. Application will terminate with return code 0